{
    "timestamp": "2025-11-09 09:45:29",
    "url": "https:\/\/app.pakasir.com\/api\/transactioncreate\/qris",
    "request": {
        "project": "spnb",
        "order_id": "ORDER-1762652729-3",
        "amount": 20000,
        "api_key": "Gr5rhTh8PBX0cMrI2h1rHMDf1IyejFf7"
    },
    "order_id": "ORDER-1762652729-3",
    "transaction_id": "TRX-1762652729-7239"
}

RESPONSE:
{
    "timestamp": "2025-11-09 09:45:29",
    "http_code": 200,
    "curl_error": "",
    "response": "{\"payment\":{\"project\":\"spnb\",\"order_id\":\"ORDER-1762652729-3\",\"amount\":20000,\"total_payment\":20450,\"fee\":450,\"received\":20000,\"payment_method\":\"qris\",\"payment_number\":\"THIS.IS.JUST.AN.EXAMPLE.FOR.SANDBOX.00020101021226610016ID.CO.SHOPEE.WWW01189360091800216005230208216005230303UME51440014ID.CO.QRIS.WWW.11111\",\"expired_at\":\"2025-11-09T02:45:29.256485521Z\"}}",
    "response_json": {
        "payment": {
            "project": "spnb",
            "order_id": "ORDER-1762652729-3",
            "amount": 20000,
            "total_payment": 20450,
            "fee": 450,
            "received": 20000,
            "payment_method": "qris",
            "payment_number": "THIS.IS.JUST.AN.EXAMPLE.FOR.SANDBOX.00020101021226610016ID.CO.SHOPEE.WWW01189360091800216005230208216005230303UME51440014ID.CO.QRIS.WWW.11111",
            "expired_at": "2025-11-09T02:45:29.256485521Z"
        }
    }
}

{
    "timestamp": "2025-11-09 09:50:32",
    "url": "https:\/\/app.pakasir.com\/api\/transactioncreate\/qris",
    "request": {
        "project": "spnb",
        "order_id": "ORDER-1762653032-3",
        "amount": 20000,
        "api_key": "Gr5rhTh8PBX0cMrI2h1rHMDf1IyejFf7"
    },
    "order_id": "ORDER-1762653032-3",
    "transaction_id": "TRX-1762653032-4684"
}

RESPONSE:
{
    "timestamp": "2025-11-09 09:50:33",
    "http_code": 200,
    "curl_error": "",
    "response": "{\"payment\":{\"project\":\"spnb\",\"order_id\":\"ORDER-1762653032-3\",\"amount\":20000,\"total_payment\":20450,\"fee\":450,\"received\":20000,\"payment_method\":\"qris\",\"payment_number\":\"00020101021226610016ID.CO.SHOPEE.WWW01189360091800216005230208216005230303UME51440014ID.CO.QRIS.WWW0215ID10243228429300303UME520479295303360540820450.005802ID5907Pakasir6012KAB. KEBUMEN6105543926222051815415412845268627663045754\",\"expired_at\":\"2025-11-09T02:50:32.81743247Z\"}}",
    "response_json": {
        "payment": {
            "project": "spnb",
            "order_id": "ORDER-1762653032-3",
            "amount": 20000,
            "total_payment": 20450,
            "fee": 450,
            "received": 20000,
            "payment_method": "qris",
            "payment_number": "00020101021226610016ID.CO.SHOPEE.WWW01189360091800216005230208216005230303UME51440014ID.CO.QRIS.WWW0215ID10243228429300303UME520479295303360540820450.005802ID5907Pakasir6012KAB. KEBUMEN6105543926222051815415412845268627663045754",
            "expired_at": "2025-11-09T02:50:32.81743247Z"
        }
    }
}

{
    "timestamp": "2025-11-09 10:02:39",
    "url": "https:\/\/app.pakasir.com\/api\/transactioncreate\/qris",
    "request": {
        "project": "spnb",
        "order_id": "ORDER-1762653759-1",
        "amount": 20000,
        "api_key": "Gr5rhTh8PBX0cMrI2h1rHMDf1IyejFf7"
    },
    "order_id": "ORDER-1762653759-1",
    "transaction_id": "TRX-1762653759-8278"
}

RESPONSE:
{
    "timestamp": "2025-11-09 10:02:39",
    "http_code": 200,
    "curl_error": "",
    "response": "{\"payment\":{\"project\":\"spnb\",\"order_id\":\"ORDER-1762653759-1\",\"amount\":20000,\"total_payment\":20450,\"fee\":450,\"received\":20000,\"payment_method\":\"qris\",\"payment_number\":\"00020101021226610016ID.CO.SHOPEE.WWW01189360091800216005230208216005230303UME51440014ID.CO.QRIS.WWW0215ID10243228429300303UME520479295303360540820450.005802ID5907Pakasir6012KAB. KEBUMEN610554392622205181353465995854061556304CF1A\",\"expired_at\":\"2025-11-09T03:02:39.231637778Z\"}}",
    "response_json": {
        "payment": {
            "project": "spnb",
            "order_id": "ORDER-1762653759-1",
            "amount": 20000,
            "total_payment": 20450,
            "fee": 450,
            "received": 20000,
            "payment_method": "qris",
            "payment_number": "00020101021226610016ID.CO.SHOPEE.WWW01189360091800216005230208216005230303UME51440014ID.CO.QRIS.WWW0215ID10243228429300303UME520479295303360540820450.005802ID5907Pakasir6012KAB. KEBUMEN610554392622205181353465995854061556304CF1A",
            "expired_at": "2025-11-09T03:02:39.231637778Z"
        }
    }
}

{
    "timestamp": "2025-11-09 10:20:00",
    "url": "https:\/\/app.pakasir.com\/api\/transactioncreate\/qris",
    "request": {
        "project": "spnb",
        "order_id": "ORDER-1762654800-6",
        "amount": 1000,
        "api_key": "Gr5rhTh8PBX0cMrI2h1rHMDf1IyejFf7"
    },
    "order_id": "ORDER-1762654800-6",
    "transaction_id": "TRX-1762654800-2491"
}

RESPONSE:
{
    "timestamp": "2025-11-09 10:20:00",
    "http_code": 200,
    "curl_error": "",
    "response": "{\"payment\":{\"project\":\"spnb\",\"order_id\":\"ORDER-1762654800-6\",\"amount\":1000,\"total_payment\":1317,\"fee\":317,\"received\":1000,\"payment_method\":\"qris\",\"payment_number\":\"00020101021226610016ID.CO.SHOPEE.WWW01189360091800216005230208216005230303UME51440014ID.CO.QRIS.WWW0215ID10243228429300303UME52047929530336054071317.005802ID5907Pakasir6012KAB. KEBUMEN6105543926222051816712392828283468863048FE3\",\"expired_at\":\"2025-11-09T03:20:00.789453645Z\"}}",
    "response_json": {
        "payment": {
            "project": "spnb",
            "order_id": "ORDER-1762654800-6",
            "amount": 1000,
            "total_payment": 1317,
            "fee": 317,
            "received": 1000,
            "payment_method": "qris",
            "payment_number": "00020101021226610016ID.CO.SHOPEE.WWW01189360091800216005230208216005230303UME51440014ID.CO.QRIS.WWW0215ID10243228429300303UME52047929530336054071317.005802ID5907Pakasir6012KAB. KEBUMEN6105543926222051816712392828283468863048FE3",
            "expired_at": "2025-11-09T03:20:00.789453645Z"
        }
    }
}

{
    "timestamp": "2025-11-09 10:29:49",
    "url": "https:\/\/app.pakasir.com\/api\/transactioncreate\/qris",
    "request": {
        "project": "spnb",
        "order_id": "ORDER-1762655389-6",
        "amount": 1000,
        "api_key": "Gr5rhTh8PBX0cMrI2h1rHMDf1IyejFf7"
    },
    "order_id": "ORDER-1762655389-6",
    "transaction_id": "TRX-1762655389-5689"
}

RESPONSE:
{
    "timestamp": "2025-11-09 10:29:50",
    "http_code": 200,
    "curl_error": "",
    "response": "{\"payment\":{\"project\":\"spnb\",\"order_id\":\"ORDER-1762655389-6\",\"amount\":1000,\"total_payment\":1317,\"fee\":317,\"received\":1000,\"payment_method\":\"qris\",\"payment_number\":\"00020101021226610016ID.CO.SHOPEE.WWW01189360091800216005230208216005230303UME51440014ID.CO.QRIS.WWW0215ID10243228429300303UME52047929530336054071317.005802ID5907Pakasir6012KAB. KEBUMEN610554392622205181402067366234327586304A3E1\",\"expired_at\":\"2025-11-09T03:29:50.014713338Z\"}}",
    "response_json": {
        "payment": {
            "project": "spnb",
            "order_id": "ORDER-1762655389-6",
            "amount": 1000,
            "total_payment": 1317,
            "fee": 317,
            "received": 1000,
            "payment_method": "qris",
            "payment_number": "00020101021226610016ID.CO.SHOPEE.WWW01189360091800216005230208216005230303UME51440014ID.CO.QRIS.WWW0215ID10243228429300303UME52047929530336054071317.005802ID5907Pakasir6012KAB. KEBUMEN610554392622205181402067366234327586304A3E1",
            "expired_at": "2025-11-09T03:29:50.014713338Z"
        }
    }
}

{
    "timestamp": "2025-11-09 11:13:11",
    "url": "https:\/\/app.pakasir.com\/api\/transactioncreate\/qris",
    "request": {
        "project": "spnb",
        "order_id": "ORDER-1762657991-6",
        "amount": 1000,
        "api_key": "Gr5rhTh8PBX0cMrI2h1rHMDf1IyejFf7"
    },
    "order_id": "ORDER-1762657991-6",
    "transaction_id": "TRX-1762657991-1833"
}

RESPONSE:
{
    "timestamp": "2025-11-09 11:13:11",
    "http_code": 200,
    "curl_error": "",
    "response": "{\"payment\":{\"project\":\"spnb\",\"order_id\":\"ORDER-1762657991-6\",\"amount\":1000,\"total_payment\":1317,\"fee\":317,\"received\":1000,\"payment_method\":\"qris\",\"payment_number\":\"00020101021226610016ID.CO.SHOPEE.WWW01189360091800216005230208216005230303UME51440014ID.CO.QRIS.WWW0215ID10243228429300303UME52047929530336054071317.005802ID5907Pakasir6012KAB. KEBUMEN610554392622205181344503031105608396304925F\",\"expired_at\":\"2025-11-09T04:13:11.519814446Z\"}}",
    "response_json": {
        "payment": {
            "project": "spnb",
            "order_id": "ORDER-1762657991-6",
            "amount": 1000,
            "total_payment": 1317,
            "fee": 317,
            "received": 1000,
            "payment_method": "qris",
            "payment_number": "00020101021226610016ID.CO.SHOPEE.WWW01189360091800216005230208216005230303UME51440014ID.CO.QRIS.WWW0215ID10243228429300303UME52047929530336054071317.005802ID5907Pakasir6012KAB. KEBUMEN610554392622205181344503031105608396304925F",
            "expired_at": "2025-11-09T04:13:11.519814446Z"
        }
    }
}

{
    "timestamp": "2025-11-09 12:24:08",
    "url": "https:\/\/app.pakasir.com\/api\/transactioncreate\/qris",
    "request": {
        "project": "spnb",
        "order_id": "ORDER-1762662248-7",
        "amount": 1000,
        "api_key": "Gr5rhTh8PBX0cMrI2h1rHMDf1IyejFf7"
    },
    "order_id": "ORDER-1762662248-7",
    "transaction_id": "TRX-1762662248-4347"
}

RESPONSE:
{
    "timestamp": "2025-11-09 12:24:09",
    "http_code": 200,
    "curl_error": "",
    "response": "{\"payment\":{\"project\":\"spnb\",\"order_id\":\"ORDER-1762662248-7\",\"amount\":1000,\"total_payment\":1317,\"fee\":317,\"received\":1000,\"payment_method\":\"qris\",\"payment_number\":\"00020101021226610016ID.CO.SHOPEE.WWW01189360091800216005230208216005230303UME51440014ID.CO.QRIS.WWW0215ID10243228429300303UME52047929530336054071317.005802ID5907Pakasir6012KAB. KEBUMEN6105543926222051814360108078460493663041245\",\"expired_at\":\"2025-11-09T05:24:08.97585259Z\"}}",
    "response_json": {
        "payment": {
            "project": "spnb",
            "order_id": "ORDER-1762662248-7",
            "amount": 1000,
            "total_payment": 1317,
            "fee": 317,
            "received": 1000,
            "payment_method": "qris",
            "payment_number": "00020101021226610016ID.CO.SHOPEE.WWW01189360091800216005230208216005230303UME51440014ID.CO.QRIS.WWW0215ID10243228429300303UME52047929530336054071317.005802ID5907Pakasir6012KAB. KEBUMEN6105543926222051814360108078460493663041245",
            "expired_at": "2025-11-09T05:24:08.97585259Z"
        }
    }
}

{
    "timestamp": "2025-11-09 12:24:28",
    "url": "https:\/\/app.pakasir.com\/api\/transactioncreate\/bri_va",
    "request": {
        "project": "spnb",
        "order_id": "ORDER-1762662268-7",
        "amount": 1000,
        "api_key": "Gr5rhTh8PBX0cMrI2h1rHMDf1IyejFf7"
    },
    "order_id": "ORDER-1762662268-7",
    "transaction_id": "TRX-1762662268-2921"
}

RESPONSE:
{
    "timestamp": "2025-11-09 12:24:28",
    "http_code": 422,
    "curl_error": "",
    "response": "{\"message\":\"amount\/nominal terlalu kecil. minimal: Rp 10.000\",\"data\":null}",
    "response_json": {
        "message": "amount\/nominal terlalu kecil. minimal: Rp 10.000",
        "data": null
    }
}

{
    "timestamp": "2025-11-09 12:24:31",
    "url": "https:\/\/app.pakasir.com\/api\/transactioncreate\/gopay",
    "request": {
        "project": "spnb",
        "order_id": "ORDER-1762662271-7",
        "amount": 1000,
        "api_key": "Gr5rhTh8PBX0cMrI2h1rHMDf1IyejFf7"
    },
    "order_id": "ORDER-1762662271-7",
    "transaction_id": "TRX-1762662271-4212"
}

RESPONSE:
{
    "timestamp": "2025-11-09 12:24:31",
    "http_code": 422,
    "curl_error": "",
    "response": "{\"message\":\"metode pembayaran tidak valid\",\"data\":null}",
    "response_json": {
        "message": "metode pembayaran tidak valid",
        "data": null
    }
}

{
    "timestamp": "2025-11-09 12:24:34",
    "url": "https:\/\/app.pakasir.com\/api\/transactioncreate\/mandiri_va",
    "request": {
        "project": "spnb",
        "order_id": "ORDER-1762662274-7",
        "amount": 1000,
        "api_key": "Gr5rhTh8PBX0cMrI2h1rHMDf1IyejFf7"
    },
    "order_id": "ORDER-1762662274-7",
    "transaction_id": "TRX-1762662274-5181"
}

RESPONSE:
{
    "timestamp": "2025-11-09 12:24:34",
    "http_code": 422,
    "curl_error": "",
    "response": "{\"message\":\"metode pembayaran tidak valid\",\"data\":null}",
    "response_json": {
        "message": "metode pembayaran tidak valid",
        "data": null
    }
}

{
    "timestamp": "2025-11-18 14:53:55",
    "url": "https:\/\/app.pakasir.com\/api\/transactioncreate\/qris",
    "request": {
        "project": "spnb",
        "order_id": "ORDER-1763448835-1",
        "amount": 1000,
        "api_key": "Gr5rhTh8PBX0cMrI2h1rHMDf1IyejFf7"
    },
    "order_id": "ORDER-1763448835-1",
    "transaction_id": "TRX-1763448835-9721"
}

RESPONSE:
{
    "timestamp": "2025-11-18 14:53:55",
    "http_code": 200,
    "curl_error": "",
    "response": "{\"payment\":{\"project\":\"spnb\",\"order_id\":\"ORDER-1763448835-1\",\"amount\":1000,\"total_payment\":1317,\"fee\":317,\"received\":1000,\"payment_method\":\"qris\",\"payment_number\":\"00020101021226610016ID.CO.SHOPEE.WWW01189360091800216005230208216005230303UME51440014ID.CO.QRIS.WWW0215ID10243228429300303UME52047929530336054071317.005802ID5907Pakasir6012KAB. KEBUMEN6105543926222051810862432937875036563048B9E\",\"expired_at\":\"2025-11-18T07:53:55.555557824Z\"}}",
    "response_json": {
        "payment": {
            "project": "spnb",
            "order_id": "ORDER-1763448835-1",
            "amount": 1000,
            "total_payment": 1317,
            "fee": 317,
            "received": 1000,
            "payment_method": "qris",
            "payment_number": "00020101021226610016ID.CO.SHOPEE.WWW01189360091800216005230208216005230303UME51440014ID.CO.QRIS.WWW0215ID10243228429300303UME52047929530336054071317.005802ID5907Pakasir6012KAB. KEBUMEN6105543926222051810862432937875036563048B9E",
            "expired_at": "2025-11-18T07:53:55.555557824Z"
        }
    }
}

{
    "timestamp": "2025-11-18 19:37:53",
    "url": "https:\/\/app.pakasir.com\/api\/transactioncreate\/qris",
    "request": {
        "project": "spnb",
        "order_id": "ORDER-1763465873-1",
        "amount": 1000,
        "api_key": "Gr5rhTh8PBX0cMrI2h1rHMDf1IyejFf7"
    },
    "order_id": "ORDER-1763465873-1",
    "transaction_id": "TRX-1763465873-3578"
}

RESPONSE:
{
    "timestamp": "2025-11-18 19:37:53",
    "http_code": 500,
    "curl_error": "",
    "response": "error code: 500",
    "response_json": null
}

{
    "timestamp": "2025-11-18 19:37:59",
    "url": "https:\/\/app.pakasir.com\/api\/transactioncreate\/qris",
    "request": {
        "project": "spnb",
        "order_id": "ORDER-1763465879-1",
        "amount": 1000,
        "api_key": "Gr5rhTh8PBX0cMrI2h1rHMDf1IyejFf7"
    },
    "order_id": "ORDER-1763465879-1",
    "transaction_id": "TRX-1763465879-3339"
}

RESPONSE:
{
    "timestamp": "2025-11-18 19:37:59",
    "http_code": 500,
    "curl_error": "",
    "response": "error code: 500",
    "response_json": null
}

{
    "timestamp": "2025-11-18 19:38:13",
    "url": "https:\/\/app.pakasir.com\/api\/transactioncreate\/qris",
    "request": {
        "project": "spnb",
        "order_id": "ORDER-1763465893-1",
        "amount": 1000,
        "api_key": "Gr5rhTh8PBX0cMrI2h1rHMDf1IyejFf7"
    },
    "order_id": "ORDER-1763465893-1",
    "transaction_id": "TRX-1763465893-3209"
}

RESPONSE:
{
    "timestamp": "2025-11-18 19:38:13",
    "http_code": 500,
    "curl_error": "",
    "response": "error code: 500",
    "response_json": null
}

{
    "timestamp": "2025-11-18 19:38:20",
    "url": "https:\/\/app.pakasir.com\/api\/transactioncreate\/bni_va",
    "request": {
        "project": "spnb",
        "order_id": "ORDER-1763465900-1",
        "amount": 1000,
        "api_key": "Gr5rhTh8PBX0cMrI2h1rHMDf1IyejFf7"
    },
    "order_id": "ORDER-1763465900-1",
    "transaction_id": "TRX-1763465900-6695"
}

RESPONSE:
{
    "timestamp": "2025-11-18 19:38:20",
    "http_code": 500,
    "curl_error": "",
    "response": "error code: 500",
    "response_json": null
}

{
    "timestamp": "2025-11-18 19:40:29",
    "url": "https:\/\/app.pakasir.com\/api\/transactioncreate\/qris",
    "request": {
        "project": "spnb",
        "order_id": "ORDER-1763466029-3",
        "amount": 1000,
        "api_key": "Gr5rhTh8PBX0cMrI2h1rHMDf1IyejFf7"
    },
    "order_id": "ORDER-1763466029-3",
    "transaction_id": "TRX-1763466029-5956"
}

RESPONSE:
{
    "timestamp": "2025-11-18 19:40:30",
    "http_code": 200,
    "curl_error": "",
    "response": "{\"payment\":{\"project\":\"spnb\",\"order_id\":\"ORDER-1763466029-3\",\"amount\":1000,\"total_payment\":1317,\"fee\":317,\"received\":1000,\"payment_method\":\"qris\",\"payment_number\":\"00020101021226670016COM.NOBUBANK.WWW01189360050300000862280214518371731478540303UBE51440014ID.CO.QRIS.WWW0215ID20232660443380303UBE520451115303360540413175802ID5906ZoneID6007KEBUMEN61055439262560114818402995669080619NQ253C2QBR2WFG04WL00703A010804POSP63044D05\",\"expired_at\":\"2025-11-18T12:40:29.077416898Z\"}}",
    "response_json": {
        "payment": {
            "project": "spnb",
            "order_id": "ORDER-1763466029-3",
            "amount": 1000,
            "total_payment": 1317,
            "fee": 317,
            "received": 1000,
            "payment_method": "qris",
            "payment_number": "00020101021226670016COM.NOBUBANK.WWW01189360050300000862280214518371731478540303UBE51440014ID.CO.QRIS.WWW0215ID20232660443380303UBE520451115303360540413175802ID5906ZoneID6007KEBUMEN61055439262560114818402995669080619NQ253C2QBR2WFG04WL00703A010804POSP63044D05",
            "expired_at": "2025-11-18T12:40:29.077416898Z"
        }
    }
}

{
    "timestamp": "2025-11-18 23:48:20",
    "url": "https:\/\/app.pakasir.com\/api\/transactioncreate\/qris",
    "request": {
        "project": "spnb",
        "order_id": "ORDER-1763480900-3",
        "amount": 1000,
        "api_key": "Gr5rhTh8PBX0cMrI2h1rHMDf1IyejFf7"
    },
    "order_id": "ORDER-1763480900-3",
    "transaction_id": "TRX-1763480900-4628"
}

RESPONSE:
{
    "timestamp": "2025-11-18 23:48:20",
    "http_code": 200,
    "curl_error": "",
    "response": "{\"payment\":{\"project\":\"spnb\",\"order_id\":\"ORDER-1763480900-3\",\"amount\":1000,\"total_payment\":1317,\"fee\":317,\"received\":1000,\"payment_method\":\"qris\",\"payment_number\":\"00020101021226610016ID.CO.SHOPEE.WWW01189360091800216005230208216005230303UME51440014ID.CO.QRIS.WWW0215ID10243228429300303UME52047929530336054071317.005802ID5907Pakasir6012KAB. KEBUMEN610554392622205181608764802861759456304ADA6\",\"expired_at\":\"2025-11-18T16:48:20.69241854Z\"}}",
    "response_json": {
        "payment": {
            "project": "spnb",
            "order_id": "ORDER-1763480900-3",
            "amount": 1000,
            "total_payment": 1317,
            "fee": 317,
            "received": 1000,
            "payment_method": "qris",
            "payment_number": "00020101021226610016ID.CO.SHOPEE.WWW01189360091800216005230208216005230303UME51440014ID.CO.QRIS.WWW0215ID10243228429300303UME52047929530336054071317.005802ID5907Pakasir6012KAB. KEBUMEN610554392622205181608764802861759456304ADA6",
            "expired_at": "2025-11-18T16:48:20.69241854Z"
        }
    }
}

{
    "timestamp": "2025-11-19 07:30:13",
    "url": "https:\/\/app.pakasir.com\/api\/transactioncreate\/qris",
    "request": {
        "project": "spnb",
        "order_id": "ORDER-1763508613-3",
        "amount": 1000,
        "api_key": "Gr5rhTh8PBX0cMrI2h1rHMDf1IyejFf7"
    },
    "order_id": "ORDER-1763508613-3",
    "transaction_id": "TRX-1763508613-2580"
}

RESPONSE:
{
    "timestamp": "2025-11-19 07:30:14",
    "http_code": 200,
    "curl_error": "",
    "response": "{\"payment\":{\"project\":\"spnb\",\"order_id\":\"ORDER-1763508613-3\",\"amount\":1000,\"total_payment\":1317,\"fee\":317,\"received\":1000,\"payment_method\":\"qris\",\"payment_number\":\"00020101021226610016ID.CO.SHOPEE.WWW01189360091800216005230208216005230303UME51440014ID.CO.QRIS.WWW0215ID10243228429300303UME52047929530336054071317.005802ID5907Pakasir6012KAB. KEBUMEN61055439262220518116224389067390255630455BF\",\"expired_at\":\"2025-11-19T00:30:14.039594023Z\"}}",
    "response_json": {
        "payment": {
            "project": "spnb",
            "order_id": "ORDER-1763508613-3",
            "amount": 1000,
            "total_payment": 1317,
            "fee": 317,
            "received": 1000,
            "payment_method": "qris",
            "payment_number": "00020101021226610016ID.CO.SHOPEE.WWW01189360091800216005230208216005230303UME51440014ID.CO.QRIS.WWW0215ID10243228429300303UME52047929530336054071317.005802ID5907Pakasir6012KAB. KEBUMEN61055439262220518116224389067390255630455BF",
            "expired_at": "2025-11-19T00:30:14.039594023Z"
        }
    }
}

{
    "timestamp": "2025-11-19 13:13:09",
    "url": "https:\/\/app.pakasir.com\/api\/transactioncreate\/qris",
    "request": {
        "project": "spnb",
        "order_id": "ORDER-1763529189-3",
        "amount": 1000,
        "api_key": "Gr5rhTh8PBX0cMrI2h1rHMDf1IyejFf7"
    },
    "order_id": "ORDER-1763529189-3",
    "transaction_id": "TRX-1763529189-8564"
}

RESPONSE:
{
    "timestamp": "2025-11-19 13:13:09",
    "http_code": 200,
    "curl_error": "",
    "response": "{\"payment\":{\"project\":\"spnb\",\"order_id\":\"ORDER-1763529189-3\",\"amount\":1000,\"total_payment\":1317,\"fee\":317,\"received\":1000,\"payment_method\":\"qris\",\"payment_number\":\"00020101021226610016ID.CO.SHOPEE.WWW01189360091800216005230208216005230303UME51440014ID.CO.QRIS.WWW0215ID10243228429300303UME52047929530336054071317.005802ID5907Pakasir6012KAB. KEBUMEN6105543926222051814838848485737686263045E79\",\"expired_at\":\"2025-11-19T06:13:09.134219846Z\"}}",
    "response_json": {
        "payment": {
            "project": "spnb",
            "order_id": "ORDER-1763529189-3",
            "amount": 1000,
            "total_payment": 1317,
            "fee": 317,
            "received": 1000,
            "payment_method": "qris",
            "payment_number": "00020101021226610016ID.CO.SHOPEE.WWW01189360091800216005230208216005230303UME51440014ID.CO.QRIS.WWW0215ID10243228429300303UME52047929530336054071317.005802ID5907Pakasir6012KAB. KEBUMEN6105543926222051814838848485737686263045E79",
            "expired_at": "2025-11-19T06:13:09.134219846Z"
        }
    }
}

{
    "timestamp": "2025-11-19 16:49:08",
    "url": "https:\/\/app.pakasir.com\/api\/transactioncreate\/qris",
    "request": {
        "project": "spnb",
        "order_id": "ORDER-1763542148-3",
        "amount": 1000,
        "api_key": "Gr5rhTh8PBX0cMrI2h1rHMDf1IyejFf7"
    },
    "order_id": "ORDER-1763542148-3",
    "transaction_id": "TRX-1763542148-1966"
}

RESPONSE:
{
    "timestamp": "2025-11-19 16:49:08",
    "http_code": 200,
    "curl_error": "",
    "response": "{\"payment\":{\"project\":\"spnb\",\"order_id\":\"ORDER-1763542148-3\",\"amount\":1000,\"total_payment\":1317,\"fee\":317,\"received\":1000,\"payment_method\":\"qris\",\"payment_number\":\"00020101021226610016ID.CO.SHOPEE.WWW01189360091800216005230208216005230303UME51440014ID.CO.QRIS.WWW0215ID10243228429300303UME52047929530336054071317.005802ID5907Pakasir6012KAB. KEBUMEN6105543926222051813883514219094652863046DBE\",\"expired_at\":\"2025-11-19T09:49:08.569162336Z\"}}",
    "response_json": {
        "payment": {
            "project": "spnb",
            "order_id": "ORDER-1763542148-3",
            "amount": 1000,
            "total_payment": 1317,
            "fee": 317,
            "received": 1000,
            "payment_method": "qris",
            "payment_number": "00020101021226610016ID.CO.SHOPEE.WWW01189360091800216005230208216005230303UME51440014ID.CO.QRIS.WWW0215ID10243228429300303UME52047929530336054071317.005802ID5907Pakasir6012KAB. KEBUMEN6105543926222051813883514219094652863046DBE",
            "expired_at": "2025-11-19T09:49:08.569162336Z"
        }
    }
}

{
    "timestamp": "2025-11-19 17:04:37",
    "url": "https:\/\/app.pakasir.com\/api\/transactioncreate\/qris",
    "request": {
        "project": "spnb",
        "order_id": "ORDER-1763543077-3",
        "amount": 1000,
        "api_key": "Gr5rhTh8PBX0cMrI2h1rHMDf1IyejFf7"
    },
    "order_id": "ORDER-1763543077-3",
    "transaction_id": "TRX-1763543077-7646"
}

RESPONSE:
{
    "timestamp": "2025-11-19 17:04:37",
    "http_code": 200,
    "curl_error": "",
    "response": "{\"payment\":{\"project\":\"spnb\",\"order_id\":\"ORDER-1763543077-3\",\"amount\":1000,\"total_payment\":1317,\"fee\":317,\"received\":1000,\"payment_method\":\"qris\",\"payment_number\":\"00020101021226610016ID.CO.SHOPEE.WWW01189360091800216005230208216005230303UME51440014ID.CO.QRIS.WWW0215ID10243228429300303UME52047929530336054071317.005802ID5907Pakasir6012KAB. KEBUMEN6105543926222051816289238987820065363040745\",\"expired_at\":\"2025-11-19T10:04:37.669723807Z\"}}",
    "response_json": {
        "payment": {
            "project": "spnb",
            "order_id": "ORDER-1763543077-3",
            "amount": 1000,
            "total_payment": 1317,
            "fee": 317,
            "received": 1000,
            "payment_method": "qris",
            "payment_number": "00020101021226610016ID.CO.SHOPEE.WWW01189360091800216005230208216005230303UME51440014ID.CO.QRIS.WWW0215ID10243228429300303UME52047929530336054071317.005802ID5907Pakasir6012KAB. KEBUMEN6105543926222051816289238987820065363040745",
            "expired_at": "2025-11-19T10:04:37.669723807Z"
        }
    }
}

{
    "timestamp": "2025-11-19 17:29:28",
    "url": "https:\/\/app.pakasir.com\/api\/transactioncreate\/qris",
    "request": {
        "project": "spnb",
        "order_id": "ORDER-1763544568-1",
        "amount": 1000,
        "api_key": "Gr5rhTh8PBX0cMrI2h1rHMDf1IyejFf7"
    },
    "order_id": "ORDER-1763544568-1",
    "transaction_id": "TRX-1763544568-5277"
}

RESPONSE:
{
    "timestamp": "2025-11-19 17:29:29",
    "http_code": 200,
    "curl_error": "",
    "response": "{\"payment\":{\"project\":\"spnb\",\"order_id\":\"ORDER-1763544568-1\",\"amount\":1000,\"total_payment\":1317,\"fee\":317,\"received\":1000,\"payment_method\":\"qris\",\"payment_number\":\"00020101021226610016ID.CO.SHOPEE.WWW01189360091800216005230208216005230303UME51440014ID.CO.QRIS.WWW0215ID10243228429300303UME52047929530336054071317.005802ID5907Pakasir6012KAB. KEBUMEN610554392622205181192326489720906126304C83C\",\"expired_at\":\"2025-11-19T10:29:28.867777317Z\"}}",
    "response_json": {
        "payment": {
            "project": "spnb",
            "order_id": "ORDER-1763544568-1",
            "amount": 1000,
            "total_payment": 1317,
            "fee": 317,
            "received": 1000,
            "payment_method": "qris",
            "payment_number": "00020101021226610016ID.CO.SHOPEE.WWW01189360091800216005230208216005230303UME51440014ID.CO.QRIS.WWW0215ID10243228429300303UME52047929530336054071317.005802ID5907Pakasir6012KAB. KEBUMEN610554392622205181192326489720906126304C83C",
            "expired_at": "2025-11-19T10:29:28.867777317Z"
        }
    }
}

{
    "timestamp": "2025-11-19 18:07:57",
    "url": "https:\/\/app.pakasir.com\/api\/transactioncreate\/qris",
    "request": {
        "project": "spnb",
        "order_id": "ORDER-1763546877-3",
        "amount": 1000,
        "api_key": "Gr5rhTh8PBX0cMrI2h1rHMDf1IyejFf7"
    },
    "order_id": "ORDER-1763546877-3",
    "transaction_id": "TRX-1763546877-9204"
}

RESPONSE:
{
    "timestamp": "2025-11-19 18:07:57",
    "http_code": 200,
    "curl_error": "",
    "response": "{\"payment\":{\"project\":\"spnb\",\"order_id\":\"ORDER-1763546877-3\",\"amount\":1000,\"total_payment\":1317,\"fee\":317,\"received\":1000,\"payment_method\":\"qris\",\"payment_number\":\"00020101021226610016ID.CO.SHOPEE.WWW01189360091800216005230208216005230303UME51440014ID.CO.QRIS.WWW0215ID10243228429300303UME52047929530336054071317.005802ID5907Pakasir6012KAB. KEBUMEN610554392622205181482462400502347946304399F\",\"expired_at\":\"2025-11-19T11:07:57.521195296Z\"}}",
    "response_json": {
        "payment": {
            "project": "spnb",
            "order_id": "ORDER-1763546877-3",
            "amount": 1000,
            "total_payment": 1317,
            "fee": 317,
            "received": 1000,
            "payment_method": "qris",
            "payment_number": "00020101021226610016ID.CO.SHOPEE.WWW01189360091800216005230208216005230303UME51440014ID.CO.QRIS.WWW0215ID10243228429300303UME52047929530336054071317.005802ID5907Pakasir6012KAB. KEBUMEN610554392622205181482462400502347946304399F",
            "expired_at": "2025-11-19T11:07:57.521195296Z"
        }
    }
}

{
    "timestamp": "2025-11-19 18:12:26",
    "url": "https:\/\/app.pakasir.com\/api\/transactioncreate\/qris",
    "request": {
        "project": "spnb",
        "order_id": "ORDER-1763547146-3",
        "amount": 1000,
        "api_key": "Gr5rhTh8PBX0cMrI2h1rHMDf1IyejFf7"
    },
    "order_id": "ORDER-1763547146-3",
    "transaction_id": "TRX-1763547146-6007"
}

RESPONSE:
{
    "timestamp": "2025-11-19 18:12:26",
    "http_code": 200,
    "curl_error": "",
    "response": "{\"payment\":{\"project\":\"spnb\",\"order_id\":\"ORDER-1763547146-3\",\"amount\":1000,\"total_payment\":1317,\"fee\":317,\"received\":1000,\"payment_method\":\"qris\",\"payment_number\":\"00020101021226610016ID.CO.SHOPEE.WWW01189360091800216005230208216005230303UME51440014ID.CO.QRIS.WWW0215ID10243228429300303UME52047929530336054071317.005802ID5907Pakasir6012KAB. KEBUMEN610554392622205181295323639345962886304EEEE\",\"expired_at\":\"2025-11-19T11:12:26.607050647Z\"}}",
    "response_json": {
        "payment": {
            "project": "spnb",
            "order_id": "ORDER-1763547146-3",
            "amount": 1000,
            "total_payment": 1317,
            "fee": 317,
            "received": 1000,
            "payment_method": "qris",
            "payment_number": "00020101021226610016ID.CO.SHOPEE.WWW01189360091800216005230208216005230303UME51440014ID.CO.QRIS.WWW0215ID10243228429300303UME52047929530336054071317.005802ID5907Pakasir6012KAB. KEBUMEN610554392622205181295323639345962886304EEEE",
            "expired_at": "2025-11-19T11:12:26.607050647Z"
        }
    }
}

{
    "timestamp": "2025-11-19 18:16:05",
    "url": "https:\/\/app.pakasir.com\/api\/transactioncreate\/qris",
    "request": {
        "project": "spnb",
        "order_id": "ORDER-1763547365-3",
        "amount": 1000,
        "api_key": "Gr5rhTh8PBX0cMrI2h1rHMDf1IyejFf7"
    },
    "order_id": "ORDER-1763547365-3",
    "transaction_id": "TRX-1763547365-3322"
}

RESPONSE:
{
    "timestamp": "2025-11-19 18:16:05",
    "http_code": 200,
    "curl_error": "",
    "response": "{\"payment\":{\"project\":\"spnb\",\"order_id\":\"ORDER-1763547365-3\",\"amount\":1000,\"total_payment\":1317,\"fee\":317,\"received\":1000,\"payment_method\":\"qris\",\"payment_number\":\"00020101021226610016ID.CO.SHOPEE.WWW01189360091800216005230208216005230303UME51440014ID.CO.QRIS.WWW0215ID10243228429300303UME52047929530336054071317.005802ID5907Pakasir6012KAB. KEBUMEN610554392622205181162660719371343146304B25E\",\"expired_at\":\"2025-11-19T11:16:05.516680291Z\"}}",
    "response_json": {
        "payment": {
            "project": "spnb",
            "order_id": "ORDER-1763547365-3",
            "amount": 1000,
            "total_payment": 1317,
            "fee": 317,
            "received": 1000,
            "payment_method": "qris",
            "payment_number": "00020101021226610016ID.CO.SHOPEE.WWW01189360091800216005230208216005230303UME51440014ID.CO.QRIS.WWW0215ID10243228429300303UME52047929530336054071317.005802ID5907Pakasir6012KAB. KEBUMEN610554392622205181162660719371343146304B25E",
            "expired_at": "2025-11-19T11:16:05.516680291Z"
        }
    }
}

{
    "timestamp": "2025-11-19 18:26:11",
    "url": "https:\/\/app.pakasir.com\/api\/transactioncreate\/qris",
    "request": {
        "project": "spnb",
        "order_id": "ORDER-1763547971-1",
        "amount": 1000,
        "api_key": "Gr5rhTh8PBX0cMrI2h1rHMDf1IyejFf7"
    },
    "order_id": "ORDER-1763547971-1",
    "transaction_id": "TRX-1763547971-9658"
}

RESPONSE:
{
    "timestamp": "2025-11-19 18:26:12",
    "http_code": 200,
    "curl_error": "",
    "response": "{\"payment\":{\"project\":\"spnb\",\"order_id\":\"ORDER-1763547971-1\",\"amount\":1000,\"total_payment\":1317,\"fee\":317,\"received\":1000,\"payment_method\":\"qris\",\"payment_number\":\"00020101021226610016ID.CO.SHOPEE.WWW01189360091800216005230208216005230303UME51440014ID.CO.QRIS.WWW0215ID10243228429300303UME52047929530336054071317.005802ID5907Pakasir6012KAB. KEBUMEN6105543926222051810681831904882316763041949\",\"expired_at\":\"2025-11-19T11:26:11.828468707Z\"}}",
    "response_json": {
        "payment": {
            "project": "spnb",
            "order_id": "ORDER-1763547971-1",
            "amount": 1000,
            "total_payment": 1317,
            "fee": 317,
            "received": 1000,
            "payment_method": "qris",
            "payment_number": "00020101021226610016ID.CO.SHOPEE.WWW01189360091800216005230208216005230303UME51440014ID.CO.QRIS.WWW0215ID10243228429300303UME52047929530336054071317.005802ID5907Pakasir6012KAB. KEBUMEN6105543926222051810681831904882316763041949",
            "expired_at": "2025-11-19T11:26:11.828468707Z"
        }
    }
}

{
    "timestamp": "2025-11-19 18:29:09",
    "url": "https:\/\/app.pakasir.com\/api\/transactioncreate\/qris",
    "request": {
        "project": "spnb",
        "order_id": "ORDER-1763548149-1",
        "amount": 1000,
        "api_key": "Gr5rhTh8PBX0cMrI2h1rHMDf1IyejFf7"
    },
    "order_id": "ORDER-1763548149-1",
    "transaction_id": "TRX-1763548149-6332"
}

RESPONSE:
{
    "timestamp": "2025-11-19 18:29:09",
    "http_code": 200,
    "curl_error": "",
    "response": "{\"payment\":{\"project\":\"spnb\",\"order_id\":\"ORDER-1763548149-1\",\"amount\":1000,\"total_payment\":1317,\"fee\":317,\"received\":1000,\"payment_method\":\"qris\",\"payment_number\":\"00020101021226610016ID.CO.SHOPEE.WWW01189360091800216005230208216005230303UME51440014ID.CO.QRIS.WWW0215ID10243228429300303UME52047929530336054071317.005802ID5907Pakasir6012KAB. KEBUMEN610554392622205181494994126824578386304B30F\",\"expired_at\":\"2025-11-19T11:29:09.743122813Z\"}}",
    "response_json": {
        "payment": {
            "project": "spnb",
            "order_id": "ORDER-1763548149-1",
            "amount": 1000,
            "total_payment": 1317,
            "fee": 317,
            "received": 1000,
            "payment_method": "qris",
            "payment_number": "00020101021226610016ID.CO.SHOPEE.WWW01189360091800216005230208216005230303UME51440014ID.CO.QRIS.WWW0215ID10243228429300303UME52047929530336054071317.005802ID5907Pakasir6012KAB. KEBUMEN610554392622205181494994126824578386304B30F",
            "expired_at": "2025-11-19T11:29:09.743122813Z"
        }
    }
}

{
    "timestamp": "2025-11-19 18:31:07",
    "url": "https:\/\/app.pakasir.com\/api\/transactioncreate\/qris",
    "request": {
        "project": "spnb",
        "order_id": "ORDER-1763548267-1",
        "amount": 1000,
        "api_key": "Gr5rhTh8PBX0cMrI2h1rHMDf1IyejFf7"
    },
    "order_id": "ORDER-1763548267-1",
    "transaction_id": "TRX-1763548267-2196"
}

RESPONSE:
{
    "timestamp": "2025-11-19 18:31:08",
    "http_code": 200,
    "curl_error": "",
    "response": "{\"payment\":{\"project\":\"spnb\",\"order_id\":\"ORDER-1763548267-1\",\"amount\":1000,\"total_payment\":1317,\"fee\":317,\"received\":1000,\"payment_method\":\"qris\",\"payment_number\":\"00020101021226610016ID.CO.SHOPEE.WWW01189360091800216005230208216005230303UME51440014ID.CO.QRIS.WWW0215ID10243228429300303UME52047929530336054071317.005802ID5907Pakasir6012KAB. KEBUMEN6105543926222051817010091240968236363040B2D\",\"expired_at\":\"2025-11-19T11:31:07.799454073Z\"}}",
    "response_json": {
        "payment": {
            "project": "spnb",
            "order_id": "ORDER-1763548267-1",
            "amount": 1000,
            "total_payment": 1317,
            "fee": 317,
            "received": 1000,
            "payment_method": "qris",
            "payment_number": "00020101021226610016ID.CO.SHOPEE.WWW01189360091800216005230208216005230303UME51440014ID.CO.QRIS.WWW0215ID10243228429300303UME52047929530336054071317.005802ID5907Pakasir6012KAB. KEBUMEN6105543926222051817010091240968236363040B2D",
            "expired_at": "2025-11-19T11:31:07.799454073Z"
        }
    }
}

{
    "timestamp": "2025-11-19 18:47:35",
    "url": "https:\/\/app.pakasir.com\/api\/transactioncreate\/qris",
    "request": {
        "project": "spnb",
        "order_id": "ORDER-1763549255-8",
        "amount": 1000,
        "api_key": "Gr5rhTh8PBX0cMrI2h1rHMDf1IyejFf7"
    },
    "order_id": "ORDER-1763549255-8",
    "transaction_id": "TRX-1763549255-6044"
}

RESPONSE:
{
    "timestamp": "2025-11-19 18:47:35",
    "http_code": 200,
    "curl_error": "",
    "response": "{\"payment\":{\"project\":\"spnb\",\"order_id\":\"ORDER-1763549255-8\",\"amount\":1000,\"total_payment\":1317,\"fee\":317,\"received\":1000,\"payment_method\":\"qris\",\"payment_number\":\"00020101021226610016ID.CO.SHOPEE.WWW01189360091800216005230208216005230303UME51440014ID.CO.QRIS.WWW0215ID10243228429300303UME52047929530336054071317.005802ID5907Pakasir6012KAB. KEBUMEN610554392622205181007919771344966676304030A\",\"expired_at\":\"2025-11-19T11:47:35.583086455Z\"}}",
    "response_json": {
        "payment": {
            "project": "spnb",
            "order_id": "ORDER-1763549255-8",
            "amount": 1000,
            "total_payment": 1317,
            "fee": 317,
            "received": 1000,
            "payment_method": "qris",
            "payment_number": "00020101021226610016ID.CO.SHOPEE.WWW01189360091800216005230208216005230303UME51440014ID.CO.QRIS.WWW0215ID10243228429300303UME52047929530336054071317.005802ID5907Pakasir6012KAB. KEBUMEN610554392622205181007919771344966676304030A",
            "expired_at": "2025-11-19T11:47:35.583086455Z"
        }
    }
}

{
    "timestamp": "2025-11-19 18:51:33",
    "url": "https:\/\/app.pakasir.com\/api\/transactioncreate\/qris",
    "request": {
        "project": "spnb",
        "order_id": "ORDER-1763549493-8",
        "amount": 1000,
        "api_key": "Gr5rhTh8PBX0cMrI2h1rHMDf1IyejFf7"
    },
    "order_id": "ORDER-1763549493-8",
    "transaction_id": "TRX-1763549493-3023"
}

RESPONSE:
{
    "timestamp": "2025-11-19 18:51:33",
    "http_code": 200,
    "curl_error": "",
    "response": "{\"payment\":{\"project\":\"spnb\",\"order_id\":\"ORDER-1763549493-8\",\"amount\":1000,\"total_payment\":1317,\"fee\":317,\"received\":1000,\"payment_method\":\"qris\",\"payment_number\":\"00020101021226610016ID.CO.SHOPEE.WWW01189360091800216005230208216005230303UME51440014ID.CO.QRIS.WWW0215ID10243228429300303UME52047929530336054071317.005802ID5907Pakasir6012KAB. KEBUMEN610554392622205181123001338132201826304BFBA\",\"expired_at\":\"2025-11-19T11:51:33.136944971Z\"}}",
    "response_json": {
        "payment": {
            "project": "spnb",
            "order_id": "ORDER-1763549493-8",
            "amount": 1000,
            "total_payment": 1317,
            "fee": 317,
            "received": 1000,
            "payment_method": "qris",
            "payment_number": "00020101021226610016ID.CO.SHOPEE.WWW01189360091800216005230208216005230303UME51440014ID.CO.QRIS.WWW0215ID10243228429300303UME52047929530336054071317.005802ID5907Pakasir6012KAB. KEBUMEN610554392622205181123001338132201826304BFBA",
            "expired_at": "2025-11-19T11:51:33.136944971Z"
        }
    }
}

{
    "timestamp": "2025-11-19 19:00:10",
    "url": "https:\/\/app.pakasir.com\/api\/transactioncreate\/qris",
    "request": {
        "project": "spnb",
        "order_id": "ORDER-1763550010-8",
        "amount": 1000,
        "api_key": "Gr5rhTh8PBX0cMrI2h1rHMDf1IyejFf7"
    },
    "order_id": "ORDER-1763550010-8",
    "transaction_id": "TRX-1763550010-6602"
}

RESPONSE:
{
    "timestamp": "2025-11-19 19:00:11",
    "http_code": 200,
    "curl_error": "",
    "response": "{\"payment\":{\"project\":\"spnb\",\"order_id\":\"ORDER-1763550010-8\",\"amount\":1000,\"total_payment\":1317,\"fee\":317,\"received\":1000,\"payment_method\":\"qris\",\"payment_number\":\"00020101021226610016ID.CO.SHOPEE.WWW01189360091800216005230208216005230303UME51440014ID.CO.QRIS.WWW0215ID10243228429300303UME52047929530336054071317.005802ID5907Pakasir6012KAB. KEBUMEN610554392622205181629452915212650456304B37A\",\"expired_at\":\"2025-11-19T12:00:11.191886836Z\"}}",
    "response_json": {
        "payment": {
            "project": "spnb",
            "order_id": "ORDER-1763550010-8",
            "amount": 1000,
            "total_payment": 1317,
            "fee": 317,
            "received": 1000,
            "payment_method": "qris",
            "payment_number": "00020101021226610016ID.CO.SHOPEE.WWW01189360091800216005230208216005230303UME51440014ID.CO.QRIS.WWW0215ID10243228429300303UME52047929530336054071317.005802ID5907Pakasir6012KAB. KEBUMEN610554392622205181629452915212650456304B37A",
            "expired_at": "2025-11-19T12:00:11.191886836Z"
        }
    }
}

{
    "timestamp": "2025-11-19 19:22:12",
    "url": "https:\/\/app.pakasir.com\/api\/transactioncreate\/qris",
    "request": {
        "project": "spnb",
        "order_id": "ORDER-1763551332-1",
        "amount": 1000,
        "api_key": "Gr5rhTh8PBX0cMrI2h1rHMDf1IyejFf7"
    },
    "order_id": "ORDER-1763551332-1",
    "transaction_id": "TRX-1763551332-4294"
}

RESPONSE:
{
    "timestamp": "2025-11-19 19:22:12",
    "http_code": 200,
    "curl_error": "",
    "response": "{\"payment\":{\"project\":\"spnb\",\"order_id\":\"ORDER-1763551332-1\",\"amount\":1000,\"total_payment\":1317,\"fee\":317,\"received\":1000,\"payment_method\":\"qris\",\"payment_number\":\"00020101021226610016ID.CO.SHOPEE.WWW01189360091800216005230208216005230303UME51440014ID.CO.QRIS.WWW0215ID10243228429300303UME52047929530336054071317.005802ID5907Pakasir6012KAB. KEBUMEN6105543926222051816134312931757530063040529\",\"expired_at\":\"2025-11-19T12:22:12.467544353Z\"}}",
    "response_json": {
        "payment": {
            "project": "spnb",
            "order_id": "ORDER-1763551332-1",
            "amount": 1000,
            "total_payment": 1317,
            "fee": 317,
            "received": 1000,
            "payment_method": "qris",
            "payment_number": "00020101021226610016ID.CO.SHOPEE.WWW01189360091800216005230208216005230303UME51440014ID.CO.QRIS.WWW0215ID10243228429300303UME52047929530336054071317.005802ID5907Pakasir6012KAB. KEBUMEN6105543926222051816134312931757530063040529",
            "expired_at": "2025-11-19T12:22:12.467544353Z"
        }
    }
}

{
    "timestamp": "2025-11-19 19:27:06",
    "url": "https:\/\/app.pakasir.com\/api\/transactioncreate\/qris",
    "request": {
        "project": "spnb",
        "order_id": "ORDER-1763551626-8",
        "amount": 2000,
        "api_key": "Gr5rhTh8PBX0cMrI2h1rHMDf1IyejFf7"
    },
    "order_id": "ORDER-1763551626-8",
    "transaction_id": "TRX-1763551626-3408"
}

RESPONSE:
{
    "timestamp": "2025-11-19 19:27:06",
    "http_code": 200,
    "curl_error": "",
    "response": "{\"payment\":{\"project\":\"spnb\",\"order_id\":\"ORDER-1763551626-8\",\"amount\":2000,\"total_payment\":2324,\"fee\":324,\"received\":2000,\"payment_method\":\"qris\",\"payment_number\":\"00020101021226610016ID.CO.SHOPEE.WWW01189360091800216005230208216005230303UME51440014ID.CO.QRIS.WWW0215ID10243228429300303UME52047929530336054072324.005802ID5907Pakasir6012KAB. KEBUMEN610554392622205181465145587095386516304C2D4\",\"expired_at\":\"2025-11-19T12:27:06.478821826Z\"}}",
    "response_json": {
        "payment": {
            "project": "spnb",
            "order_id": "ORDER-1763551626-8",
            "amount": 2000,
            "total_payment": 2324,
            "fee": 324,
            "received": 2000,
            "payment_method": "qris",
            "payment_number": "00020101021226610016ID.CO.SHOPEE.WWW01189360091800216005230208216005230303UME51440014ID.CO.QRIS.WWW0215ID10243228429300303UME52047929530336054072324.005802ID5907Pakasir6012KAB. KEBUMEN610554392622205181465145587095386516304C2D4",
            "expired_at": "2025-11-19T12:27:06.478821826Z"
        }
    }
}

{
    "timestamp": "2025-11-19 19:29:15",
    "url": "https:\/\/app.pakasir.com\/api\/transactioncreate\/qris",
    "request": {
        "project": "spnb",
        "order_id": "ORDER-1763551755-8",
        "amount": 1000,
        "api_key": "Gr5rhTh8PBX0cMrI2h1rHMDf1IyejFf7"
    },
    "order_id": "ORDER-1763551755-8",
    "transaction_id": "TRX-1763551755-2137"
}

RESPONSE:
{
    "timestamp": "2025-11-19 19:29:16",
    "http_code": 200,
    "curl_error": "",
    "response": "{\"payment\":{\"project\":\"spnb\",\"order_id\":\"ORDER-1763551755-8\",\"amount\":1000,\"total_payment\":1317,\"fee\":317,\"received\":1000,\"payment_method\":\"qris\",\"payment_number\":\"00020101021226610016ID.CO.SHOPEE.WWW01189360091800216005230208216005230303UME51440014ID.CO.QRIS.WWW0215ID10243228429300303UME52047929530336054071317.005802ID5907Pakasir6012KAB. KEBUMEN610554392622205181264433784309442896304AB3B\",\"expired_at\":\"2025-11-19T12:29:16.030071501Z\"}}",
    "response_json": {
        "payment": {
            "project": "spnb",
            "order_id": "ORDER-1763551755-8",
            "amount": 1000,
            "total_payment": 1317,
            "fee": 317,
            "received": 1000,
            "payment_method": "qris",
            "payment_number": "00020101021226610016ID.CO.SHOPEE.WWW01189360091800216005230208216005230303UME51440014ID.CO.QRIS.WWW0215ID10243228429300303UME52047929530336054071317.005802ID5907Pakasir6012KAB. KEBUMEN610554392622205181264433784309442896304AB3B",
            "expired_at": "2025-11-19T12:29:16.030071501Z"
        }
    }
}

